<?xml version="1.0" encoding="UTF-8"?>
<!-- Generated by org.testng.reporters.JUnitReportReporter -->
<testsuite hostname="DESKTOP-HHFEDQM" failures="0" tests="3" name="tests.LoginExcelTest" time="٣٦.٨٧٠" errors="0" timestamp="٢٠٢٦-٠٣-٢٥T١٩:٣٦:٠٧ EET" skipped="0">
  <testcase classname="tests.LoginExcelTest" name="loginWithExcel" time="١٢.٤٧٨"/>
  <testcase classname="tests.LoginExcelTest" name="loginWithExcel" time="١٢.٥٩٥"/>
  <testcase classname="tests.LoginExcelTest" name="loginWithExcel" time="١١.٧٩٧"/>
</testsuite> <!-- tests.LoginExcelTest -->
