<?xml version="1.0" encoding="UTF-8"?>
<!-- Generated by org.testng.reporters.JUnitXMLReporter -->
<testsuite ignored="0" hostname="DESKTOP-HHFEDQM" failures="0" tests="3" name="Login Cases From Excel" time="37.794" errors="0" timestamp="٢٠٢٦-٠٣-٢٥T١٩:٣٦:٠٧ EET">
  <testcase classname="tests.LoginExcelTest" name="loginWithExcel" time="11.296"/>
  <testcase classname="tests.LoginExcelTest" name="loginWithExcel" time="9.865"/>
  <testcase classname="tests.LoginExcelTest" name="loginWithExcel" time="11.296"/>
</testsuite> <!-- Login Cases From Excel -->
